<?xml version="1.0" encoding="UTF-8"?>
<!-- Generated by org.testng.reporters.JUnitXMLReporter -->
<testsuite ignored="0" hostname="LAPTOP-NUT15641" failures="0" tests="5" name="Test" time="46.338" errors="0" timestamp="2023-09-02T19:12:16 IST">
  <testcase classname="eNewProject.Ajio" name="ajio" time="14.071"/>
  <testcase classname="eNewProject.firstcry" name="Firstcry" time="10.277"/>
  <testcase classname="eNewProject.Flipkart" name="flipkart" time="7.312"/>
  <testcase classname="eNewProject.Meesho" name="meesho" time="7.603"/>
  <testcase classname="eNewProject.Amazon" name="test1" time="7.017"/>
</testsuite> <!-- Test -->
