<?xml version="1.0" encoding="UTF-8"?>
<testng-results ignored="0" total="5" passed="5" failed="0" skipped="0">
  <reporter-output>
  </reporter-output>
  <suite started-at="2023-09-02T19:11:29 IST" name="Suite" finished-at="2023-09-02T19:12:16 IST" duration-ms="46338">
    <groups>
    </groups>
    <test started-at="2023-09-02T19:11:29 IST" name="Test" finished-at="2023-09-02T19:12:16 IST" duration-ms="46338">
      <class name="eNewProject.Flipkart">
        <test-method signature="flipkart()[pri:0, instance:eNewProject.Flipkart@16ec5519]" started-at="2023-09-02T19:11:54 IST" name="flipkart" finished-at="2023-09-02T19:12:01 IST" duration-ms="7312" status="PASS">
          <reporter-output>
          </reporter-output>
        </test-method> <!-- flipkart -->
      </class> <!-- eNewProject.Flipkart -->
      <class name="eNewProject.Meesho">
        <test-method signature="meesho()[pri:0, instance:eNewProject.Meesho@2f7298b]" started-at="2023-09-02T19:12:01 IST" name="meesho" finished-at="2023-09-02T19:12:09 IST" duration-ms="7603" status="PASS">
          <reporter-output>
          </reporter-output>
        </test-method> <!-- meesho -->
      </class> <!-- eNewProject.Meesho -->
      <class name="eNewProject.firstcry">
        <test-method signature="Firstcry()[pri:0, instance:eNewProject.firstcry@50eac852]" started-at="2023-09-02T19:11:43 IST" name="Firstcry" finished-at="2023-09-02T19:11:54 IST" duration-ms="10277" status="PASS">
          <reporter-output>
          </reporter-output>
        </test-method> <!-- Firstcry -->
      </class> <!-- eNewProject.firstcry -->
      <class name="eNewProject.Ajio">
        <test-method signature="ajio()[pri:0, instance:eNewProject.Ajio@130161f7]" started-at="2023-09-02T19:11:29 IST" name="ajio" finished-at="2023-09-02T19:11:43 IST" duration-ms="14071" status="PASS">
          <reporter-output>
          </reporter-output>
        </test-method> <!-- ajio -->
      </class> <!-- eNewProject.Ajio -->
      <class name="eNewProject.Amazon">
        <test-method signature="test1()[pri:0, instance:eNewProject.Amazon@188715b5]" started-at="2023-09-02T19:12:09 IST" name="test1" finished-at="2023-09-02T19:12:16 IST" duration-ms="7017" status="PASS">
          <reporter-output>
          </reporter-output>
        </test-method> <!-- test1 -->
      </class> <!-- eNewProject.Amazon -->
    </test> <!-- Test -->
  </suite> <!-- Suite -->
</testng-results>
